<?xml version="1.0" encoding="UTF-8"?>
<testng-results ignored="0" total="1" passed="1" failed="0" skipped="0">
  <reporter-output>
  </reporter-output>
  <suite started-at="2023-06-07T14:27:02 IST" name="Default suite" finished-at="2023-06-07T14:27:16 IST" duration-ms="14465">
    <groups>
    </groups>
    <test started-at="2023-06-07T14:27:02 IST" name="Default test" finished-at="2023-06-07T14:27:16 IST" duration-ms="14465">
      <class name="testscript.AddPythonToCartTest">
        <test-method is-config="true" signature="classXonfig()[pri:0, instance:testscript.AddPythonToCartTest@4d465b11]" started-at="2023-06-07T14:27:02 IST" name="classXonfig" finished-at="2023-06-07T14:27:03 IST" duration-ms="1104" status="PASS">
          <reporter-output>
          </reporter-output>
        </test-method> <!-- classXonfig -->
        <test-method is-config="true" signature="methodConfig()[pri:0, instance:testscript.AddPythonToCartTest@4d465b11]" started-at="2023-06-07T14:27:03 IST" name="methodConfig" finished-at="2023-06-07T14:27:06 IST" duration-ms="3371" status="PASS">
          <reporter-output>
          </reporter-output>
        </test-method> <!-- methodConfig -->
        <test-method signature="addpythonToCartTest()[pri:0, instance:testscript.AddPythonToCartTest@4d465b11]" started-at="2023-06-07T14:27:06 IST" name="addpythonToCartTest" finished-at="2023-06-07T14:27:16 IST" duration-ms="9561" status="PASS">
          <reporter-output>
          </reporter-output>
        </test-method> <!-- addpythonToCartTest -->
        <test-method is-config="true" signature="methodTearDown()[pri:0, instance:testscript.AddPythonToCartTest@4d465b11]" started-at="2023-06-07T14:27:16 IST" name="methodTearDown" finished-at="2023-06-07T14:27:16 IST" duration-ms="365" status="PASS">
          <reporter-output>
          </reporter-output>
        </test-method> <!-- methodTearDown -->
        <test-method is-config="true" signature="classTearDown()[pri:0, instance:testscript.AddPythonToCartTest@4d465b11]" started-at="2023-06-07T14:27:16 IST" name="classTearDown" finished-at="2023-06-07T14:27:16 IST" duration-ms="0" status="PASS">
          <reporter-output>
          </reporter-output>
        </test-method> <!-- classTearDown -->
      </class> <!-- testscript.AddPythonToCartTest -->
    </test> <!-- Default test -->
  </suite> <!-- Default suite -->
</testng-results>
