<?xml version="1.0" encoding="UTF-8"?>
<testng-results ignored="0" total="1" passed="1" failed="0" skipped="0">
  <reporter-output>
  </reporter-output>
  <suite started-at="2023-06-19T16:45:48 IST" name="Default suite" finished-at="2023-06-19T16:46:02 IST" duration-ms="14251">
    <groups>
    </groups>
    <test started-at="2023-06-19T16:45:48 IST" name="Default test" finished-at="2023-06-19T16:46:02 IST" duration-ms="14251">
      <class name="testscript.SendContactDetailsTest">
        <test-method is-config="true" signature="classXonfig()[pri:0, instance:testscript.SendContactDetailsTest@3e27aa33]" started-at="2023-06-19T16:45:48 IST" name="classXonfig" finished-at="2023-06-19T16:45:49 IST" duration-ms="966" status="PASS">
          <reporter-output>
          </reporter-output>
        </test-method> <!-- classXonfig -->
        <test-method is-config="true" signature="methodConfig()[pri:0, instance:testscript.SendContactDetailsTest@3e27aa33]" started-at="2023-06-19T16:45:49 IST" name="methodConfig" finished-at="2023-06-19T16:45:53 IST" duration-ms="3959" status="PASS">
          <reporter-output>
          </reporter-output>
        </test-method> <!-- methodConfig -->
        <test-method signature="sendContactDetailsTest()[pri:0, instance:testscript.SendContactDetailsTest@3e27aa33]" started-at="2023-06-19T16:45:53 IST" name="sendContactDetailsTest" finished-at="2023-06-19T16:46:02 IST" duration-ms="9000" status="PASS">
          <reporter-output>
          </reporter-output>
        </test-method> <!-- sendContactDetailsTest -->
        <test-method is-config="true" signature="methodTearDown()[pri:0, instance:testscript.SendContactDetailsTest@3e27aa33]" started-at="2023-06-19T16:46:02 IST" name="methodTearDown" finished-at="2023-06-19T16:46:02 IST" duration-ms="265" status="PASS">
          <reporter-output>
          </reporter-output>
        </test-method> <!-- methodTearDown -->
        <test-method is-config="true" signature="classTearDown()[pri:0, instance:testscript.SendContactDetailsTest@3e27aa33]" started-at="2023-06-19T16:46:02 IST" name="classTearDown" finished-at="2023-06-19T16:46:02 IST" duration-ms="0" status="PASS">
          <reporter-output>
          </reporter-output>
        </test-method> <!-- classTearDown -->
      </class> <!-- testscript.SendContactDetailsTest -->
    </test> <!-- Default test -->
  </suite> <!-- Default suite -->
</testng-results>
