<?xml version="1.0" encoding="UTF-8"?>
<!-- Generated by org.testng.reporters.JUnitXMLReporter -->
<testsuite ignored="0" hostname="LAPTOP-C7EHRFH9" failures="0" tests="3" name="Test" time="39.529" errors="0" timestamp="2023-06-04T14:15:10 IST">
  <testcase classname="testscript.addToCartTest" name="addToCart" time="7.893"/>
  <testcase classname="testscript.AddPythonToCartTest" name="addpythonToCartTest" time="11.037"/>
  <testcase classname="testscript.SendContactDetailsTest" name="sendContactDetailsTest" time="7.404"/>
</testsuite> <!-- Test -->
